<?xml version="1.0" encoding="UTF-8"?>
<!-- Generated by org.testng.reporters.JUnitXMLReporter -->
<testsuite ignored="0" hostname="DESKTOP-Toqa" failures="0" tests="4" name="Default test" time="33.942" errors="0" timestamp="2024-03-28T02:19:30 EET">
  <testcase classname="myTestCases.TestCases" name="myTest" time="16.898"/>
  <testcase classname="myTestCases.TestCases" name="preesonAllNumbersOnlyNumbers" time="7.305"/>
  <testcase classname="myTestCases.TestCases" name="pressOnEvenNumbers" time="4.297"/>
  <testcase classname="myTestCases.TestCases" name="pressOnOddNumbers" time="5.328"/>
</testsuite> <!-- Default test -->
